<?xml version="1.0" encoding="UTF-8"?>
<!-- Generated by org.testng.reporters.JUnitReportReporter -->
<testsuite hostname="MTO00490GU1070W" name="com.uptake.test.HomePageTest" tests="2" failures="0" timestamp="15 Jan 2018 01:30:18 GMT" time="31.122" errors="0">
  <testcase name="homePageTest" time="16.153" classname="com.uptake.test.HomePageTest"/>
  <testcase name="homePageTest" time="14.969" classname="com.uptake.test.HomePageTest"/>
</testsuite> <!-- com.uptake.test.HomePageTest -->
