<?xml version="1.0" encoding="UTF-8"?>
<!-- Generated by org.testng.reporters.JUnitReportReporter -->
<testsuite hostname="Lenovo-PC" name="com.uptake.test.HomePageTest" tests="2" failures="0" timestamp="15 Jan 2018 02:55:43 GMT" time="31.354" errors="0">
  <testcase name="homePageTest" time="17.044" classname="com.uptake.test.HomePageTest"/>
  <testcase name="homePageTest" time="14.310" classname="com.uptake.test.HomePageTest"/>
</testsuite> <!-- com.uptake.test.HomePageTest -->
